<?xml version="1.0" encoding="UTF-8" ?>
<testsuite tests="20" failures="0" name="HappyTeamsTest" time="0.031" errors="0" skipped="0">
  <properties>
[...]
</properties>
  <testcase classname="HappyTeamsTest" name="calculateTest1" time="0"/>
  <testcase classname="HappyTeamsTest" name="calculateTest2" time="0"/>
  <testcase classname="HappyTeamsTest" name="calculateTest3" time="0.016"/>
  <testcase classname="HappyTeamsTest" name="calculateTest4" time="0"/>
  <testcase classname="HappyTeamsTest" name="getPlaceholder1" time="0"/>
  <testcase classname="HappyTeamsTest" name="getPlaceholder2" time="0"/>
  <testcase classname="HappyTeamsTest" name="getPlaceholder3" time="0"/>
  <testcase classname="HappyTeamsTest" name="getPlaceholder4" time="0"/>
  <testcase classname="HappyTeamsTest" name="getTeamSizeTest1" time="0"/>
  <testcase classname="HappyTeamsTest" name="getTeamSizeTest2" time="0"/>
  <testcase classname="HappyTeamsTest" name="getTeamSizeTest3" time="0"/>
  <testcase classname="HappyTeamsTest" name="testBadAssign" time="0.015"/>
  <testcase classname="HappyTeamsTest" name="testBadCalculatePass" time="0"/>
  <testcase classname="HappyTeamsTest" name="testBadPreference" time="0"/>
  <testcase classname="HappyTeamsTest" name="testBadTeamSize" time="0"/>
  <testcase classname="HappyTeamsTest" name="testCheckedNames1" time="0"/>
  <testcase classname="HappyTeamsTest" name="testCheckedNames2" time="0"/>
  <testcase classname="HappyTeamsTest" name="testShuffle1" time="0"/>
  <testcase classname="HappyTeamsTest" name="testShuffle2" time="0"/>
  <testcase classname="HappyTeamsTest" name="testShuffle3" time="0"/>
</testsuite>